{"C:\\Users\\vian\\Documents\\Project-Ngoding\\belajar-basic-javascript\\Expert Javascript\\math-api\\src\\FigureCalculator.js": {"path":"C:\\Users\\vian\\Documents\\Project-Ngoding\\belajar-basic-javascript\\Expert Javascript\\math-api\\src\\FigureCalculator.js","statementMap":{"0":{"start":{"line":3,"column":8},"end":{"line":3,"column":36}},"1":{"start":{"line":7,"column":8},"end":{"line":9,"column":9}},"2":{"start":{"line":8,"column":12},"end":{"line":8,"column":66}},"3":{"start":{"line":12,"column":32},"end":{"line":12,"column":36}},"4":{"start":{"line":14,"column":8},"end":{"line":16,"column":9}},"5":{"start":{"line":15,"column":12},"end":{"line":15,"column":69}},"6":{"start":{"line":19,"column":8},"end":{"line":19,"column":79}},"7":{"start":{"line":23,"column":8},"end":{"line":25,"column":9}},"8":{"start":{"line":24,"column":12},"end":{"line":24,"column":66}},"9":{"start":{"line":27,"column":32},"end":{"line":27,"column":36}},"10":{"start":{"line":29,"column":8},"end":{"line":31,"column":9}},"11":{"start":{"line":30,"column":12},"end":{"line":30,"column":69}},"12":{"start":{"line":34,"column":8},"end":{"line":34,"column":54}},"13":{"start":{"line":38,"column":8},"end":{"line":40,"column":9}},"14":{"start":{"line":39,"column":12},"end":{"line":39,"column":67}},"15":{"start":{"line":42,"column":37},"end":{"line":42,"column":41}},"16":{"start":{"line":44,"column":8},"end":{"line":46,"column":9}},"17":{"start":{"line":45,"column":12},"end":{"line":45,"column":69}},"18":{"start":{"line":49,"column":8},"end":{"line":49,"column":75}},"19":{"start":{"line":53,"column":8},"end":{"line":55,"column":9}},"20":{"start":{"line":54,"column":12},"end":{"line":54,"column":66}},"21":{"start":{"line":57,"column":31},"end":{"line":57,"column":35}},"22":{"start":{"line":59,"column":8},"end":{"line":61,"column":9}},"23":{"start":{"line":60,"column":12},"end":{"line":60,"column":69}},"24":{"start":{"line":64,"column":8},"end":{"line":64,"column":80}},"25":{"start":{"line":68,"column":0},"end":{"line":68,"column":34}}},"fnMap":{"0":{"name":"(anonymous_0)","decl":{"start":{"line":2,"column":4},"end":{"line":2,"column":5}},"loc":{"start":{"line":2,"column":27},"end":{"line":4,"column":5}},"line":2},"1":{"name":"(anonymous_1)","decl":{"start":{"line":6,"column":4},"end":{"line":6,"column":5}},"loc":{"start":{"line":6,"column":41},"end":{"line":20,"column":5}},"line":6},"2":{"name":"(anonymous_2)","decl":{"start":{"line":22,"column":4},"end":{"line":22,"column":5}},"loc":{"start":{"line":22,"column":36},"end":{"line":35,"column":5}},"line":22},"3":{"name":"(anonymous_3)","decl":{"start":{"line":37,"column":4},"end":{"line":37,"column":5}},"loc":{"start":{"line":37,"column":40},"end":{"line":50,"column":5}},"line":37},"4":{"name":"(anonymous_4)","decl":{"start":{"line":52,"column":4},"end":{"line":52,"column":5}},"loc":{"start":{"line":52,"column":35},"end":{"line":65,"column":5}},"line":52}},"branchMap":{"0":{"loc":{"start":{"line":7,"column":8},"end":{"line":9,"column":9}},"type":"if","locations":[{"start":{"line":7,"column":8},"end":{"line":9,"column":9}},{"start":{},"end":{}}],"line":7},"1":{"loc":{"start":{"line":14,"column":8},"end":{"line":16,"column":9}},"type":"if","locations":[{"start":{"line":14,"column":8},"end":{"line":16,"column":9}},{"start":{},"end":{}}],"line":14},"2":{"loc":{"start":{"line":14,"column":12},"end":{"line":14,"column":67}},"type":"binary-expr","locations":[{"start":{"line":14,"column":12},"end":{"line":14,"column":38}},{"start":{"line":14,"column":42},"end":{"line":14,"column":67}}],"line":14},"3":{"loc":{"start":{"line":23,"column":8},"end":{"line":25,"column":9}},"type":"if","locations":[{"start":{"line":23,"column":8},"end":{"line":25,"column":9}},{"start":{},"end":{}}],"line":23},"4":{"loc":{"start":{"line":29,"column":8},"end":{"line":31,"column":9}},"type":"if","locations":[{"start":{"line":29,"column":8},"end":{"line":31,"column":9}},{"start":{},"end":{}}],"line":29},"5":{"loc":{"start":{"line":29,"column":12},"end":{"line":29,"column":67}},"type":"binary-expr","locations":[{"start":{"line":29,"column":12},"end":{"line":29,"column":38}},{"start":{"line":29,"column":42},"end":{"line":29,"column":67}}],"line":29},"6":{"loc":{"start":{"line":38,"column":8},"end":{"line":40,"column":9}},"type":"if","locations":[{"start":{"line":38,"column":8},"end":{"line":40,"column":9}},{"start":{},"end":{}}],"line":38},"7":{"loc":{"start":{"line":44,"column":8},"end":{"line":46,"column":9}},"type":"if","locations":[{"start":{"line":44,"column":8},"end":{"line":46,"column":9}},{"start":{},"end":{}}],"line":44},"8":{"loc":{"start":{"line":44,"column":12},"end":{"line":44,"column":94}},"type":"binary-expr","locations":[{"start":{"line":44,"column":12},"end":{"line":44,"column":37}},{"start":{"line":44,"column":41},"end":{"line":44,"column":66}},{"start":{"line":44,"column":70},"end":{"line":44,"column":94}}],"line":44},"9":{"loc":{"start":{"line":53,"column":8},"end":{"line":55,"column":9}},"type":"if","locations":[{"start":{"line":53,"column":8},"end":{"line":55,"column":9}},{"start":{},"end":{}}],"line":53},"10":{"loc":{"start":{"line":59,"column":8},"end":{"line":61,"column":9}},"type":"if","locations":[{"start":{"line":59,"column":8},"end":{"line":61,"column":9}},{"start":{},"end":{}}],"line":59},"11":{"loc":{"start":{"line":59,"column":12},"end":{"line":59,"column":66}},"type":"binary-expr","locations":[{"start":{"line":59,"column":12},"end":{"line":59,"column":36}},{"start":{"line":59,"column":40},"end":{"line":59,"column":66}}],"line":59}},"s":{"0":13,"1":7,"2":3,"3":4,"4":4,"5":3,"6":1,"7":7,"8":3,"9":4,"10":4,"11":3,"12":1,"13":8,"14":4,"15":4,"16":4,"17":3,"18":1,"19":7,"20":3,"21":4,"22":4,"23":3,"24":1,"25":1},"f":{"0":13,"1":7,"2":7,"3":8,"4":7},"b":{"0":[3,4],"1":[3,1],"2":[4,1],"3":[3,4],"4":[3,1],"5":[4,1],"6":[4,4],"7":[3,1],"8":[4,1,1],"9":[3,4],"10":[3,1],"11":[4,1]},"_coverageSchema":"1a1c01bbd47fc00a2c39e90264f33305004495a9","hash":"f320c5f1f0a58fca64837bdeb43265403b43202d"}
,"C:\\Users\\vian\\Documents\\Project-Ngoding\\belajar-basic-javascript\\Expert Javascript\\math-api\\src\\MathBasic.js": {"path":"C:\\Users\\vian\\Documents\\Project-Ngoding\\belajar-basic-javascript\\Expert Javascript\\math-api\\src\\MathBasic.js","statementMap":{"0":{"start":{"line":1,"column":18},"end":{"line":49,"column":1}},"1":{"start":{"line":3,"column":8},"end":{"line":5,"column":9}},"2":{"start":{"line":4,"column":12},"end":{"line":4,"column":71}},"3":{"start":{"line":6,"column":23},"end":{"line":6,"column":27}},"4":{"start":{"line":7,"column":8},"end":{"line":9,"column":9}},"5":{"start":{"line":8,"column":12},"end":{"line":8,"column":74}},"6":{"start":{"line":10,"column":8},"end":{"line":10,"column":21}},"7":{"start":{"line":14,"column":8},"end":{"line":16,"column":9}},"8":{"start":{"line":15,"column":12},"end":{"line":15,"column":76}},"9":{"start":{"line":17,"column":23},"end":{"line":17,"column":27}},"10":{"start":{"line":18,"column":8},"end":{"line":20,"column":9}},"11":{"start":{"line":19,"column":12},"end":{"line":19,"column":79}},"12":{"start":{"line":21,"column":8},"end":{"line":21,"column":21}},"13":{"start":{"line":25,"column":8},"end":{"line":27,"column":9}},"14":{"start":{"line":26,"column":12},"end":{"line":26,"column":76}},"15":{"start":{"line":28,"column":23},"end":{"line":28,"column":27}},"16":{"start":{"line":29,"column":8},"end":{"line":31,"column":9}},"17":{"start":{"line":30,"column":12},"end":{"line":30,"column":79}},"18":{"start":{"line":32,"column":8},"end":{"line":32,"column":21}},"19":{"start":{"line":36,"column":8},"end":{"line":38,"column":9}},"20":{"start":{"line":37,"column":12},"end":{"line":37,"column":74}},"21":{"start":{"line":39,"column":23},"end":{"line":39,"column":27}},"22":{"start":{"line":40,"column":8},"end":{"line":42,"column":9}},"23":{"start":{"line":41,"column":12},"end":{"line":41,"column":77}},"24":{"start":{"line":44,"column":8},"end":{"line":46,"column":9}},"25":{"start":{"line":45,"column":12},"end":{"line":45,"column":74}},"26":{"start":{"line":47,"column":8},"end":{"line":47,"column":21}},"27":{"start":{"line":51,"column":0},"end":{"line":51,"column":27}}},"fnMap":{"0":{"name":"(anonymous_0)","decl":{"start":{"line":2,"column":9},"end":{"line":2,"column":10}},"loc":{"start":{"line":2,"column":22},"end":{"line":11,"column":5}},"line":2},"1":{"name":"(anonymous_1)","decl":{"start":{"line":13,"column":14},"end":{"line":13,"column":15}},"loc":{"start":{"line":13,"column":27},"end":{"line":22,"column":5}},"line":13},"2":{"name":"(anonymous_2)","decl":{"start":{"line":24,"column":14},"end":{"line":24,"column":15}},"loc":{"start":{"line":24,"column":27},"end":{"line":33,"column":5}},"line":24},"3":{"name":"(anonymous_3)","decl":{"start":{"line":35,"column":12},"end":{"line":35,"column":13}},"loc":{"start":{"line":35,"column":25},"end":{"line":48,"column":5}},"line":35}},"branchMap":{"0":{"loc":{"start":{"line":3,"column":8},"end":{"line":5,"column":9}},"type":"if","locations":[{"start":{"line":3,"column":8},"end":{"line":5,"column":9}},{"start":{},"end":{}}],"line":3},"1":{"loc":{"start":{"line":7,"column":8},"end":{"line":9,"column":9}},"type":"if","locations":[{"start":{"line":7,"column":8},"end":{"line":9,"column":9}},{"start":{},"end":{}}],"line":7},"2":{"loc":{"start":{"line":7,"column":12},"end":{"line":7,"column":58}},"type":"binary-expr","locations":[{"start":{"line":7,"column":12},"end":{"line":7,"column":33}},{"start":{"line":7,"column":37},"end":{"line":7,"column":58}}],"line":7},"3":{"loc":{"start":{"line":14,"column":8},"end":{"line":16,"column":9}},"type":"if","locations":[{"start":{"line":14,"column":8},"end":{"line":16,"column":9}},{"start":{},"end":{}}],"line":14},"4":{"loc":{"start":{"line":18,"column":8},"end":{"line":20,"column":9}},"type":"if","locations":[{"start":{"line":18,"column":8},"end":{"line":20,"column":9}},{"start":{},"end":{}}],"line":18},"5":{"loc":{"start":{"line":18,"column":12},"end":{"line":18,"column":58}},"type":"binary-expr","locations":[{"start":{"line":18,"column":12},"end":{"line":18,"column":33}},{"start":{"line":18,"column":37},"end":{"line":18,"column":58}}],"line":18},"6":{"loc":{"start":{"line":25,"column":8},"end":{"line":27,"column":9}},"type":"if","locations":[{"start":{"line":25,"column":8},"end":{"line":27,"column":9}},{"start":{},"end":{}}],"line":25},"7":{"loc":{"start":{"line":29,"column":8},"end":{"line":31,"column":9}},"type":"if","locations":[{"start":{"line":29,"column":8},"end":{"line":31,"column":9}},{"start":{},"end":{}}],"line":29},"8":{"loc":{"start":{"line":29,"column":12},"end":{"line":29,"column":58}},"type":"binary-expr","locations":[{"start":{"line":29,"column":12},"end":{"line":29,"column":33}},{"start":{"line":29,"column":37},"end":{"line":29,"column":58}}],"line":29},"9":{"loc":{"start":{"line":36,"column":8},"end":{"line":38,"column":9}},"type":"if","locations":[{"start":{"line":36,"column":8},"end":{"line":38,"column":9}},{"start":{},"end":{}}],"line":36},"10":{"loc":{"start":{"line":40,"column":8},"end":{"line":42,"column":9}},"type":"if","locations":[{"start":{"line":40,"column":8},"end":{"line":42,"column":9}},{"start":{},"end":{}}],"line":40},"11":{"loc":{"start":{"line":40,"column":12},"end":{"line":40,"column":58}},"type":"binary-expr","locations":[{"start":{"line":40,"column":12},"end":{"line":40,"column":33}},{"start":{"line":40,"column":37},"end":{"line":40,"column":58}}],"line":40},"12":{"loc":{"start":{"line":44,"column":8},"end":{"line":46,"column":9}},"type":"if","locations":[{"start":{"line":44,"column":8},"end":{"line":46,"column":9}},{"start":{},"end":{}}],"line":44}},"s":{"0":2,"1":13,"2":4,"3":9,"4":9,"5":3,"6":6,"7":10,"8":4,"9":6,"10":6,"11":3,"12":3,"13":13,"14":4,"15":9,"16":9,"17":3,"18":6,"19":11,"20":4,"21":7,"22":7,"23":3,"24":4,"25":0,"26":4,"27":2},"f":{"0":13,"1":10,"2":13,"3":11},"b":{"0":[4,9],"1":[3,6],"2":[9,6],"3":[4,6],"4":[3,3],"5":[6,3],"6":[4,9],"7":[3,6],"8":[9,6],"9":[4,7],"10":[3,4],"11":[7,4],"12":[0,4]},"_coverageSchema":"1a1c01bbd47fc00a2c39e90264f33305004495a9","hash":"1fcd84cd8c63ce4c5b60a6d1c32e8e2ba2b471cc"}
}
