TN:
SF:src\FigureCalculator.js
FN:2,(anonymous_0)
FN:6,(anonymous_1)
FN:11,(anonymous_2)
FN:20,(anonymous_3)
FN:27,(anonymous_4)
FN:34,(anonymous_5)
FN:41,(anonymous_6)
FNF:7
FNH:7
FNDA:17,(anonymous_0)
FNDA:33,(anonymous_1)
FNDA:30,(anonymous_2)
FNDA:8,(anonymous_3)
FNDA:8,(anonymous_4)
FNDA:9,(anonymous_5)
FNDA:8,(anonymous_6)
DA:3,17
DA:7,33
DA:8,13
DA:11,20
DA:12,30
DA:13,12
DA:17,8
DA:21,8
DA:24,2
DA:28,8
DA:31,2
DA:35,9
DA:38,2
DA:42,8
DA:45,2
DA:49,2
LF:16
LH:16
BRDA:7,0,0,13
BRDA:7,0,1,20
BRDA:12,1,0,12
BRDA:12,1,1,18
BRF:4
BRH:4
end_of_record
TN:
SF:src\MathBasic.js
FN:2,(anonymous_0)
FN:13,(anonymous_1)
FN:24,(anonymous_2)
FN:35,(anonymous_3)
FNF:4
FNH:4
FNDA:17,(anonymous_0)
FNDA:11,(anonymous_1)
FNDA:17,(anonymous_2)
FNDA:13,(anonymous_3)
DA:1,3
DA:3,17
DA:4,4
DA:6,13
DA:7,13
DA:8,3
DA:10,10
DA:14,11
DA:15,4
DA:17,7
DA:18,7
DA:19,3
DA:21,4
DA:25,17
DA:26,4
DA:28,13
DA:29,13
DA:30,3
DA:32,10
DA:36,13
DA:37,4
DA:39,9
DA:40,9
DA:41,3
DA:44,6
DA:45,0
DA:47,6
DA:51,3
LF:28
LH:27
BRDA:3,0,0,4
BRDA:3,0,1,13
BRDA:7,1,0,3
BRDA:7,1,1,10
BRDA:7,2,0,13
BRDA:7,2,1,10
BRDA:14,3,0,4
BRDA:14,3,1,7
BRDA:18,4,0,3
BRDA:18,4,1,4
BRDA:18,5,0,7
BRDA:18,5,1,4
BRDA:25,6,0,4
BRDA:25,6,1,13
BRDA:29,7,0,3
BRDA:29,7,1,10
BRDA:29,8,0,13
BRDA:29,8,1,10
BRDA:36,9,0,4
BRDA:36,9,1,9
BRDA:40,10,0,3
BRDA:40,10,1,6
BRDA:40,11,0,9
BRDA:40,11,1,6
BRDA:44,12,0,0
BRDA:44,12,1,6
BRF:26
BRH:25
end_of_record
TN:
SF:src\createServer.js
FN:3,(anonymous_0)
FN:13,(anonymous_1)
FN:22,(anonymous_2)
FN:31,(anonymous_3)
FN:40,(anonymous_4)
FN:49,(anonymous_5)
FN:58,(anonymous_6)
FN:67,(anonymous_7)
FN:78,(anonymous_8)
FNF:9
FNH:9
FNDA:8,(anonymous_0)
FNDA:1,(anonymous_1)
FNDA:1,(anonymous_2)
FNDA:1,(anonymous_3)
FNDA:1,(anonymous_4)
FNDA:1,(anonymous_5)
FNDA:1,(anonymous_6)
FNDA:1,(anonymous_7)
FNDA:1,(anonymous_8)
DA:1,1
DA:3,1
DA:4,8
DA:9,8
DA:14,1
DA:15,1
DA:16,1
DA:23,1
DA:24,1
DA:25,1
DA:32,1
DA:33,1
DA:34,1
DA:41,1
DA:42,1
DA:43,1
DA:50,1
DA:51,1
DA:52,1
DA:59,1
DA:60,1
DA:61,1
DA:68,1
DA:69,1
DA:72,1
DA:79,1
DA:80,1
DA:81,1
DA:86,8
DA:89,1
LF:30
LH:30
BRF:0
BRH:0
end_of_record
