TN:
SF:src\FigureCalculator.js
FN:2,(anonymous_0)
FN:6,(anonymous_1)
FN:22,(anonymous_2)
FN:37,(anonymous_3)
FN:52,(anonymous_4)
FNF:5
FNH:5
FNDA:13,(anonymous_0)
FNDA:7,(anonymous_1)
FNDA:7,(anonymous_2)
FNDA:8,(anonymous_3)
FNDA:7,(anonymous_4)
DA:3,13
DA:7,7
DA:8,3
DA:12,4
DA:14,4
DA:15,3
DA:19,1
DA:23,7
DA:24,3
DA:27,4
DA:29,4
DA:30,3
DA:34,1
DA:38,8
DA:39,4
DA:42,4
DA:44,4
DA:45,3
DA:49,1
DA:53,7
DA:54,3
DA:57,4
DA:59,4
DA:60,3
DA:64,1
DA:68,1
LF:26
LH:26
BRDA:7,0,0,3
BRDA:7,0,1,4
BRDA:14,1,0,3
BRDA:14,1,1,1
BRDA:14,2,0,4
BRDA:14,2,1,1
BRDA:23,3,0,3
BRDA:23,3,1,4
BRDA:29,4,0,3
BRDA:29,4,1,1
BRDA:29,5,0,4
BRDA:29,5,1,1
BRDA:38,6,0,4
BRDA:38,6,1,4
BRDA:44,7,0,3
BRDA:44,7,1,1
BRDA:44,8,0,4
BRDA:44,8,1,1
BRDA:44,8,2,1
BRDA:53,9,0,3
BRDA:53,9,1,4
BRDA:59,10,0,3
BRDA:59,10,1,1
BRDA:59,11,0,4
BRDA:59,11,1,1
BRF:25
BRH:25
end_of_record
TN:
SF:src\MathBasic.js
FN:2,(anonymous_0)
FN:13,(anonymous_1)
FN:24,(anonymous_2)
FN:35,(anonymous_3)
FNF:4
FNH:4
FNDA:13,(anonymous_0)
FNDA:10,(anonymous_1)
FNDA:13,(anonymous_2)
FNDA:11,(anonymous_3)
DA:1,2
DA:3,13
DA:4,4
DA:6,9
DA:7,9
DA:8,3
DA:10,6
DA:14,10
DA:15,4
DA:17,6
DA:18,6
DA:19,3
DA:21,3
DA:25,13
DA:26,4
DA:28,9
DA:29,9
DA:30,3
DA:32,6
DA:36,11
DA:37,4
DA:39,7
DA:40,7
DA:41,3
DA:44,4
DA:45,0
DA:47,4
DA:51,2
LF:28
LH:27
BRDA:3,0,0,4
BRDA:3,0,1,9
BRDA:7,1,0,3
BRDA:7,1,1,6
BRDA:7,2,0,9
BRDA:7,2,1,6
BRDA:14,3,0,4
BRDA:14,3,1,6
BRDA:18,4,0,3
BRDA:18,4,1,3
BRDA:18,5,0,6
BRDA:18,5,1,3
BRDA:25,6,0,4
BRDA:25,6,1,9
BRDA:29,7,0,3
BRDA:29,7,1,6
BRDA:29,8,0,9
BRDA:29,8,1,6
BRDA:36,9,0,4
BRDA:36,9,1,7
BRDA:40,10,0,3
BRDA:40,10,1,4
BRDA:40,11,0,7
BRDA:40,11,1,4
BRDA:44,12,0,0
BRDA:44,12,1,4
BRF:26
BRH:25
end_of_record
