{"C:\\Users\\vian\\Documents\\Project-Ngoding\\belajar-basic-javascript\\Expert Javascript\\auth-api\\src\\Applications\\security\\AuthenticationTokenManager.js": {"path":"C:\\Users\\vian\\Documents\\Project-Ngoding\\belajar-basic-javascript\\Expert Javascript\\auth-api\\src\\Applications\\security\\AuthenticationTokenManager.js","statementMap":{"0":{"start":{"line":3,"column":8},"end":{"line":3,"column":78}},"1":{"start":{"line":7,"column":8},"end":{"line":7,"column":78}},"2":{"start":{"line":11,"column":8},"end":{"line":11,"column":78}},"3":{"start":{"line":15,"column":8},"end":{"line":15,"column":78}},"4":{"start":{"line":19,"column":0},"end":{"line":19,"column":43}}},"fnMap":{"0":{"name":"(anonymous_0)","decl":{"start":{"line":2,"column":4},"end":{"line":2,"column":5}},"loc":{"start":{"line":2,"column":37},"end":{"line":4,"column":5}},"line":2},"1":{"name":"(anonymous_1)","decl":{"start":{"line":6,"column":4},"end":{"line":6,"column":5}},"loc":{"start":{"line":6,"column":38},"end":{"line":8,"column":5}},"line":6},"2":{"name":"(anonymous_2)","decl":{"start":{"line":10,"column":4},"end":{"line":10,"column":5}},"loc":{"start":{"line":10,"column":36},"end":{"line":12,"column":5}},"line":10},"3":{"name":"(anonymous_3)","decl":{"start":{"line":14,"column":4},"end":{"line":14,"column":5}},"loc":{"start":{"line":14,"column":31},"end":{"line":16,"column":5}},"line":14}},"branchMap":{},"s":{"0":1,"1":1,"2":1,"3":1,"4":5},"f":{"0":1,"1":1,"2":1,"3":1},"b":{},"_coverageSchema":"1a1c01bbd47fc00a2c39e90264f33305004495a9","hash":"dea6951a9542b71595262c35355b0158c96e6f98"}
,"C:\\Users\\vian\\Documents\\Project-Ngoding\\belajar-basic-javascript\\Expert Javascript\\auth-api\\src\\Applications\\security\\PasswordHash.js": {"path":"C:\\Users\\vian\\Documents\\Project-Ngoding\\belajar-basic-javascript\\Expert Javascript\\auth-api\\src\\Applications\\security\\PasswordHash.js","statementMap":{"0":{"start":{"line":3,"column":8},"end":{"line":3,"column":63}},"1":{"start":{"line":7,"column":8},"end":{"line":7,"column":66}},"2":{"start":{"line":11,"column":0},"end":{"line":11,"column":29}}},"fnMap":{"0":{"name":"(anonymous_0)","decl":{"start":{"line":2,"column":4},"end":{"line":2,"column":5}},"loc":{"start":{"line":2,"column":25},"end":{"line":4,"column":5}},"line":2},"1":{"name":"(anonymous_1)","decl":{"start":{"line":6,"column":4},"end":{"line":6,"column":5}},"loc":{"start":{"line":6,"column":28},"end":{"line":8,"column":5}},"line":6}},"branchMap":{},"s":{"0":1,"1":1,"2":5},"f":{"0":1,"1":1},"b":{},"_coverageSchema":"1a1c01bbd47fc00a2c39e90264f33305004495a9","hash":"25d4e95cae6cc64af59af5d5d462f1357082ade8"}
,"C:\\Users\\vian\\Documents\\Project-Ngoding\\belajar-basic-javascript\\Expert Javascript\\auth-api\\src\\Applications\\use_cases\\AddUserUseCase.js": {"path":"C:\\Users\\vian\\Documents\\Project-Ngoding\\belajar-basic-javascript\\Expert Javascript\\auth-api\\src\\Applications\\use_cases\\AddUserUseCase.js","statementMap":{"0":{"start":{"line":1,"column":21},"end":{"line":1,"column":73}},"1":{"start":{"line":5,"column":8},"end":{"line":5,"column":46}},"2":{"start":{"line":6,"column":8},"end":{"line":6,"column":42}},"3":{"start":{"line":10,"column":29},"end":{"line":10,"column":61}},"4":{"start":{"line":11,"column":8},"end":{"line":11,"column":82}},"5":{"start":{"line":12,"column":8},"end":{"line":12,"column":85}},"6":{"start":{"line":13,"column":8},"end":{"line":13,"column":58}},"7":{"start":{"line":17,"column":0},"end":{"line":17,"column":32}}},"fnMap":{"0":{"name":"(anonymous_0)","decl":{"start":{"line":4,"column":4},"end":{"line":4,"column":5}},"loc":{"start":{"line":4,"column":50},"end":{"line":7,"column":5}},"line":4},"1":{"name":"(anonymous_1)","decl":{"start":{"line":9,"column":4},"end":{"line":9,"column":5}},"loc":{"start":{"line":9,"column":34},"end":{"line":14,"column":5}},"line":9}},"branchMap":{},"s":{"0":2,"1":2,"2":2,"3":10,"4":6,"5":5,"6":5,"7":2},"f":{"0":2,"1":10},"b":{},"_coverageSchema":"1a1c01bbd47fc00a2c39e90264f33305004495a9","hash":"1d8e15c09344de934f4c52550787a910e80dcbfa"}
,"C:\\Users\\vian\\Documents\\Project-Ngoding\\belajar-basic-javascript\\Expert Javascript\\auth-api\\src\\Applications\\use_cases\\LoginUserUseCase.js": {"path":"C:\\Users\\vian\\Documents\\Project-Ngoding\\belajar-basic-javascript\\Expert Javascript\\auth-api\\src\\Applications\\use_cases\\LoginUserUseCase.js","statementMap":{"0":{"start":{"line":1,"column":16},"end":{"line":1,"column":73}},"1":{"start":{"line":2,"column":18},"end":{"line":2,"column":67}},"2":{"start":{"line":11,"column":8},"end":{"line":11,"column":46}},"3":{"start":{"line":12,"column":8},"end":{"line":12,"column":66}},"4":{"start":{"line":13,"column":8},"end":{"line":13,"column":70}},"5":{"start":{"line":14,"column":8},"end":{"line":14,"column":42}},"6":{"start":{"line":18,"column":39},"end":{"line":18,"column":68}},"7":{"start":{"line":20,"column":34},"end":{"line":20,"column":92}},"8":{"start":{"line":21,"column":8},"end":{"line":21,"column":70}},"9":{"start":{"line":22,"column":19},"end":{"line":22,"column":71}},"10":{"start":{"line":24,"column":28},"end":{"line":24,"column":102}},"11":{"start":{"line":25,"column":29},"end":{"line":25,"column":104}},"12":{"start":{"line":27,"column":24},"end":{"line":27,"column":66}},"13":{"start":{"line":29,"column":8},"end":{"line":29,"column":76}},"14":{"start":{"line":31,"column":8},"end":{"line":31,"column":23}},"15":{"start":{"line":35,"column":0},"end":{"line":35,"column":34}}},"fnMap":{"0":{"name":"(anonymous_0)","decl":{"start":{"line":5,"column":4},"end":{"line":5,"column":5}},"loc":{"start":{"line":10,"column":7},"end":{"line":15,"column":5}},"line":10},"1":{"name":"(anonymous_1)","decl":{"start":{"line":17,"column":4},"end":{"line":17,"column":5}},"loc":{"start":{"line":17,"column":34},"end":{"line":32,"column":5}},"line":17}},"branchMap":{},"s":{"0":2,"1":2,"2":2,"3":2,"4":2,"5":2,"6":4,"7":4,"8":4,"9":4,"10":4,"11":4,"12":4,"13":4,"14":4,"15":2},"f":{"0":2,"1":4},"b":{},"_coverageSchema":"1a1c01bbd47fc00a2c39e90264f33305004495a9","hash":"8b08a61830924872c0128587597f4062f6137e14"}
,"C:\\Users\\vian\\Documents\\Project-Ngoding\\belajar-basic-javascript\\Expert Javascript\\auth-api\\src\\Applications\\use_cases\\LogoutUserUseCase.js": {"path":"C:\\Users\\vian\\Documents\\Project-Ngoding\\belajar-basic-javascript\\Expert Javascript\\auth-api\\src\\Applications\\use_cases\\LogoutUserUseCase.js","statementMap":{"0":{"start":{"line":3,"column":8},"end":{"line":3,"column":66}},"1":{"start":{"line":7,"column":8},"end":{"line":7,"column":45}},"2":{"start":{"line":8,"column":33},"end":{"line":8,"column":47}},"3":{"start":{"line":9,"column":8},"end":{"line":9,"column":82}},"4":{"start":{"line":10,"column":8},"end":{"line":10,"column":71}},"5":{"start":{"line":14,"column":33},"end":{"line":14,"column":40}},"6":{"start":{"line":15,"column":8},"end":{"line":17,"column":9}},"7":{"start":{"line":16,"column":12},"end":{"line":16,"column":88}},"8":{"start":{"line":19,"column":8},"end":{"line":21,"column":9}},"9":{"start":{"line":20,"column":12},"end":{"line":20,"column":103}},"10":{"start":{"line":25,"column":0},"end":{"line":25,"column":35}}},"fnMap":{"0":{"name":"(anonymous_0)","decl":{"start":{"line":2,"column":4},"end":{"line":2,"column":5}},"loc":{"start":{"line":2,"column":46},"end":{"line":4,"column":5}},"line":2},"1":{"name":"(anonymous_1)","decl":{"start":{"line":6,"column":4},"end":{"line":6,"column":5}},"loc":{"start":{"line":6,"column":34},"end":{"line":11,"column":5}},"line":6},"2":{"name":"(anonymous_2)","decl":{"start":{"line":13,"column":4},"end":{"line":13,"column":5}},"loc":{"start":{"line":13,"column":30},"end":{"line":22,"column":5}},"line":13}},"branchMap":{"0":{"loc":{"start":{"line":15,"column":8},"end":{"line":17,"column":9}},"type":"if","locations":[{"start":{"line":15,"column":8},"end":{"line":17,"column":9}},{"start":{},"end":{}}],"line":15},"1":{"loc":{"start":{"line":19,"column":8},"end":{"line":21,"column":9}},"type":"if","locations":[{"start":{"line":19,"column":8},"end":{"line":21,"column":9}},{"start":{},"end":{}}],"line":19}},"s":{"0":4,"1":4,"2":2,"3":2,"4":2,"5":4,"6":4,"7":1,"8":3,"9":1,"10":2},"f":{"0":4,"1":4,"2":4},"b":{"0":[1,3],"1":[1,2]},"_coverageSchema":"1a1c01bbd47fc00a2c39e90264f33305004495a9","hash":"0a85bb125cf162c93d06fb5654b8aace22bef219"}
,"C:\\Users\\vian\\Documents\\Project-Ngoding\\belajar-basic-javascript\\Expert Javascript\\auth-api\\src\\Applications\\use_cases\\RefreshAuthenticationUseCase.js": {"path":"C:\\Users\\vian\\Documents\\Project-Ngoding\\belajar-basic-javascript\\Expert Javascript\\auth-api\\src\\Applications\\use_cases\\RefreshAuthenticationUseCase.js","statementMap":{"0":{"start":{"line":3,"column":8},"end":{"line":3,"column":66}},"1":{"start":{"line":4,"column":8},"end":{"line":4,"column":70}},"2":{"start":{"line":8,"column":8},"end":{"line":8,"column":44}},"3":{"start":{"line":9,"column":33},"end":{"line":9,"column":47}},"4":{"start":{"line":11,"column":8},"end":{"line":11,"column":80}},"5":{"start":{"line":12,"column":8},"end":{"line":12,"column":82}},"6":{"start":{"line":14,"column":33},"end":{"line":14,"column":99}},"7":{"start":{"line":16,"column":8},"end":{"line":16,"column":84}},"8":{"start":{"line":20,"column":8},"end":{"line":22,"column":9}},"9":{"start":{"line":21,"column":12},"end":{"line":21,"column":89}},"10":{"start":{"line":24,"column":8},"end":{"line":26,"column":9}},"11":{"start":{"line":25,"column":12},"end":{"line":25,"column":104}},"12":{"start":{"line":30,"column":0},"end":{"line":30,"column":46}}},"fnMap":{"0":{"name":"(anonymous_0)","decl":{"start":{"line":2,"column":4},"end":{"line":2,"column":5}},"loc":{"start":{"line":2,"column":74},"end":{"line":5,"column":5}},"line":2},"1":{"name":"(anonymous_1)","decl":{"start":{"line":7,"column":4},"end":{"line":7,"column":5}},"loc":{"start":{"line":7,"column":34},"end":{"line":17,"column":5}},"line":7},"2":{"name":"(anonymous_2)","decl":{"start":{"line":19,"column":4},"end":{"line":19,"column":5}},"loc":{"start":{"line":19,"column":37},"end":{"line":27,"column":5}},"line":19}},"branchMap":{"0":{"loc":{"start":{"line":20,"column":8},"end":{"line":22,"column":9}},"type":"if","locations":[{"start":{"line":20,"column":8},"end":{"line":22,"column":9}},{"start":{},"end":{}}],"line":20},"1":{"loc":{"start":{"line":24,"column":8},"end":{"line":26,"column":9}},"type":"if","locations":[{"start":{"line":24,"column":8},"end":{"line":26,"column":9}},{"start":{},"end":{}}],"line":24}},"s":{"0":4,"1":4,"2":4,"3":2,"4":2,"5":2,"6":2,"7":2,"8":4,"9":1,"10":3,"11":1,"12":2},"f":{"0":4,"1":4,"2":4},"b":{"0":[1,3],"1":[1,2]},"_coverageSchema":"1a1c01bbd47fc00a2c39e90264f33305004495a9","hash":"b4b4c25a0ba1b0bccf0d59f8d564497bcc327fc6"}
,"C:\\Users\\vian\\Documents\\Project-Ngoding\\belajar-basic-javascript\\Expert Javascript\\auth-api\\src\\Commons\\exceptions\\AuthenticationError.js": {"path":"C:\\Users\\vian\\Documents\\Project-Ngoding\\belajar-basic-javascript\\Expert Javascript\\auth-api\\src\\Commons\\exceptions\\AuthenticationError.js","statementMap":{"0":{"start":{"line":1,"column":20},"end":{"line":1,"column":44}},"1":{"start":{"line":5,"column":8},"end":{"line":5,"column":28}},"2":{"start":{"line":6,"column":8},"end":{"line":6,"column":42}},"3":{"start":{"line":10,"column":0},"end":{"line":10,"column":36}}},"fnMap":{"0":{"name":"(anonymous_0)","decl":{"start":{"line":4,"column":4},"end":{"line":4,"column":5}},"loc":{"start":{"line":4,"column":25},"end":{"line":7,"column":5}},"line":4}},"branchMap":{},"s":{"0":3,"1":2,"2":2,"3":3},"f":{"0":2},"b":{},"_coverageSchema":"1a1c01bbd47fc00a2c39e90264f33305004495a9","hash":"27718c194298236ee9ffb7b8810658c32ac06a1e"}
,"C:\\Users\\vian\\Documents\\Project-Ngoding\\belajar-basic-javascript\\Expert Javascript\\auth-api\\src\\Commons\\exceptions\\ClientError.js": {"path":"C:\\Users\\vian\\Documents\\Project-Ngoding\\belajar-basic-javascript\\Expert Javascript\\auth-api\\src\\Commons\\exceptions\\ClientError.js","statementMap":{"0":{"start":{"line":3,"column":8},"end":{"line":3,"column":23}},"1":{"start":{"line":5,"column":8},"end":{"line":7,"column":9}},"2":{"start":{"line":6,"column":12},"end":{"line":6,"column":65}},"3":{"start":{"line":9,"column":8},"end":{"line":9,"column":37}},"4":{"start":{"line":10,"column":8},"end":{"line":10,"column":34}},"5":{"start":{"line":14,"column":0},"end":{"line":14,"column":29}}},"fnMap":{"0":{"name":"(anonymous_0)","decl":{"start":{"line":2,"column":4},"end":{"line":2,"column":5}},"loc":{"start":{"line":2,"column":43},"end":{"line":11,"column":5}},"line":2}},"branchMap":{"0":{"loc":{"start":{"line":2,"column":25},"end":{"line":2,"column":41}},"type":"default-arg","locations":[{"start":{"line":2,"column":38},"end":{"line":2,"column":41}}],"line":2},"1":{"loc":{"start":{"line":5,"column":8},"end":{"line":7,"column":9}},"type":"if","locations":[{"start":{"line":5,"column":8},"end":{"line":7,"column":9}},{"start":{},"end":{}}],"line":5}},"s":{"0":23,"1":23,"2":1,"3":22,"4":22,"5":10},"f":{"0":23},"b":{"0":[20],"1":[1,22]},"_coverageSchema":"1a1c01bbd47fc00a2c39e90264f33305004495a9","hash":"a1bee6dd40126ecf215a8dc7b2840dd7f1c15ed5"}
,"C:\\Users\\vian\\Documents\\Project-Ngoding\\belajar-basic-javascript\\Expert Javascript\\auth-api\\src\\Commons\\exceptions\\DomainErrorTranslator.js": {"path":"C:\\Users\\vian\\Documents\\Project-Ngoding\\belajar-basic-javascript\\Expert Javascript\\auth-api\\src\\Commons\\exceptions\\DomainErrorTranslator.js","statementMap":{"0":{"start":{"line":1,"column":23},"end":{"line":1,"column":50}},"1":{"start":{"line":3,"column":30},"end":{"line":7,"column":1}},"2":{"start":{"line":5,"column":8},"end":{"line":5,"column":74}},"3":{"start":{"line":9,"column":0},"end":{"line":14,"column":2}},"4":{"start":{"line":16,"column":0},"end":{"line":16,"column":39}}},"fnMap":{"0":{"name":"(anonymous_0)","decl":{"start":{"line":4,"column":4},"end":{"line":4,"column":5}},"loc":{"start":{"line":4,"column":21},"end":{"line":6,"column":5}},"line":4}},"branchMap":{"0":{"loc":{"start":{"line":5,"column":15},"end":{"line":5,"column":73}},"type":"binary-expr","locations":[{"start":{"line":5,"column":15},"end":{"line":5,"column":64}},{"start":{"line":5,"column":68},"end":{"line":5,"column":73}}],"line":5}},"s":{"0":2,"1":2,"2":12,"3":2,"4":2},"f":{"0":12},"b":{"0":[12,4]},"_coverageSchema":"1a1c01bbd47fc00a2c39e90264f33305004495a9","hash":"0b9050dc939c1b3e0695f4a8acc90a68f3469108"}
,"C:\\Users\\vian\\Documents\\Project-Ngoding\\belajar-basic-javascript\\Expert Javascript\\auth-api\\src\\Commons\\exceptions\\InvariantError.js": {"path":"C:\\Users\\vian\\Documents\\Project-Ngoding\\belajar-basic-javascript\\Expert Javascript\\auth-api\\src\\Commons\\exceptions\\InvariantError.js","statementMap":{"0":{"start":{"line":1,"column":20},"end":{"line":1,"column":44}},"1":{"start":{"line":5,"column":8},"end":{"line":5,"column":23}},"2":{"start":{"line":6,"column":8},"end":{"line":6,"column":37}},"3":{"start":{"line":10,"column":0},"end":{"line":10,"column":31}}},"fnMap":{"0":{"name":"(anonymous_0)","decl":{"start":{"line":4,"column":4},"end":{"line":4,"column":5}},"loc":{"start":{"line":4,"column":25},"end":{"line":7,"column":5}},"line":4}},"branchMap":{},"s":{"0":6,"1":19,"2":19,"3":6},"f":{"0":19},"b":{},"_coverageSchema":"1a1c01bbd47fc00a2c39e90264f33305004495a9","hash":"45f753c59e91a5377f89165a2589a163c1ce64e2"}
,"C:\\Users\\vian\\Documents\\Project-Ngoding\\belajar-basic-javascript\\Expert Javascript\\auth-api\\src\\Commons\\exceptions\\NotFoundError.js": {"path":"C:\\Users\\vian\\Documents\\Project-Ngoding\\belajar-basic-javascript\\Expert Javascript\\auth-api\\src\\Commons\\exceptions\\NotFoundError.js","statementMap":{"0":{"start":{"line":1,"column":20},"end":{"line":1,"column":44}},"1":{"start":{"line":5,"column":8},"end":{"line":5,"column":28}},"2":{"start":{"line":6,"column":8},"end":{"line":6,"column":35}},"3":{"start":{"line":10,"column":0},"end":{"line":10,"column":30}}},"fnMap":{"0":{"name":"(anonymous_0)","decl":{"start":{"line":4,"column":4},"end":{"line":4,"column":5}},"loc":{"start":{"line":4,"column":25},"end":{"line":7,"column":5}},"line":4}},"branchMap":{},"s":{"0":1,"1":1,"2":1,"3":1},"f":{"0":1},"b":{},"_coverageSchema":"1a1c01bbd47fc00a2c39e90264f33305004495a9","hash":"dc62f5409acbf20d6f29cd1c6177c31e030f2fc3"}
,"C:\\Users\\vian\\Documents\\Project-Ngoding\\belajar-basic-javascript\\Expert Javascript\\auth-api\\src\\Domains\\authentications\\AuthenticationsRepository.js": {"path":"C:\\Users\\vian\\Documents\\Project-Ngoding\\belajar-basic-javascript\\Expert Javascript\\auth-api\\src\\Domains\\authentications\\AuthenticationsRepository.js","statementMap":{"0":{"start":{"line":3,"column":8},"end":{"line":3,"column":75}},"1":{"start":{"line":7,"column":8},"end":{"line":7,"column":75}},"2":{"start":{"line":11,"column":8},"end":{"line":11,"column":75}},"3":{"start":{"line":15,"column":0},"end":{"line":15,"column":41}}},"fnMap":{"0":{"name":"(anonymous_0)","decl":{"start":{"line":2,"column":4},"end":{"line":2,"column":5}},"loc":{"start":{"line":2,"column":26},"end":{"line":4,"column":5}},"line":2},"1":{"name":"(anonymous_1)","decl":{"start":{"line":6,"column":4},"end":{"line":6,"column":5}},"loc":{"start":{"line":6,"column":40},"end":{"line":8,"column":5}},"line":6},"2":{"name":"(anonymous_2)","decl":{"start":{"line":10,"column":4},"end":{"line":10,"column":5}},"loc":{"start":{"line":10,"column":29},"end":{"line":12,"column":5}},"line":10}},"branchMap":{},"s":{"0":1,"1":1,"2":1,"3":6},"f":{"0":1,"1":1,"2":1},"b":{},"_coverageSchema":"1a1c01bbd47fc00a2c39e90264f33305004495a9","hash":"6470038195e3ec3b1d22fe918cab057240852d44"}
,"C:\\Users\\vian\\Documents\\Project-Ngoding\\belajar-basic-javascript\\Expert Javascript\\auth-api\\src\\Domains\\authentications\\entities\\NewAuth.js": {"path":"C:\\Users\\vian\\Documents\\Project-Ngoding\\belajar-basic-javascript\\Expert Javascript\\auth-api\\src\\Domains\\authentications\\entities\\NewAuth.js","statementMap":{"0":{"start":{"line":3,"column":8},"end":{"line":3,"column":37}},"1":{"start":{"line":5,"column":46},"end":{"line":5,"column":53}},"2":{"start":{"line":7,"column":8},"end":{"line":7,"column":39}},"3":{"start":{"line":8,"column":8},"end":{"line":8,"column":40}},"4":{"start":{"line":12,"column":8},"end":{"line":14,"column":9}},"5":{"start":{"line":13,"column":12},"end":{"line":13,"column":68}},"6":{"start":{"line":16,"column":8},"end":{"line":18,"column":9}},"7":{"start":{"line":17,"column":12},"end":{"line":17,"column":73}},"8":{"start":{"line":22,"column":0},"end":{"line":22,"column":25}}},"fnMap":{"0":{"name":"(anonymous_0)","decl":{"start":{"line":2,"column":4},"end":{"line":2,"column":5}},"loc":{"start":{"line":2,"column":25},"end":{"line":9,"column":5}},"line":2},"1":{"name":"(anonymous_1)","decl":{"start":{"line":11,"column":4},"end":{"line":11,"column":5}},"loc":{"start":{"line":11,"column":50},"end":{"line":19,"column":5}},"line":11}},"branchMap":{"0":{"loc":{"start":{"line":12,"column":8},"end":{"line":14,"column":9}},"type":"if","locations":[{"start":{"line":12,"column":8},"end":{"line":14,"column":9}},{"start":{},"end":{}}],"line":12},"1":{"loc":{"start":{"line":12,"column":12},"end":{"line":12,"column":41}},"type":"binary-expr","locations":[{"start":{"line":12,"column":12},"end":{"line":12,"column":24}},{"start":{"line":12,"column":28},"end":{"line":12,"column":41}}],"line":12},"2":{"loc":{"start":{"line":16,"column":8},"end":{"line":18,"column":9}},"type":"if","locations":[{"start":{"line":16,"column":8},"end":{"line":18,"column":9}},{"start":{},"end":{}}],"line":16},"3":{"loc":{"start":{"line":16,"column":12},"end":{"line":16,"column":79}},"type":"binary-expr","locations":[{"start":{"line":16,"column":12},"end":{"line":16,"column":43}},{"start":{"line":16,"column":47},"end":{"line":16,"column":79}}],"line":16}},"s":{"0":8,"1":6,"2":6,"3":6,"4":8,"5":1,"6":7,"7":1,"8":3},"f":{"0":8,"1":8},"b":{"0":[1,7],"1":[8,8],"2":[1,6],"3":[7,6]},"_coverageSchema":"1a1c01bbd47fc00a2c39e90264f33305004495a9","hash":"f76138144cf0c088a922f07ed5ea750664770924"}
,"C:\\Users\\vian\\Documents\\Project-Ngoding\\belajar-basic-javascript\\Expert Javascript\\auth-api\\src\\Domains\\users\\UserRepository.js": {"path":"C:\\Users\\vian\\Documents\\Project-Ngoding\\belajar-basic-javascript\\Expert Javascript\\auth-api\\src\\Domains\\users\\UserRepository.js","statementMap":{"0":{"start":{"line":3,"column":8},"end":{"line":3,"column":65}},"1":{"start":{"line":7,"column":8},"end":{"line":7,"column":66}},"2":{"start":{"line":11,"column":8},"end":{"line":11,"column":65}},"3":{"start":{"line":15,"column":8},"end":{"line":15,"column":65}},"4":{"start":{"line":19,"column":0},"end":{"line":19,"column":31}}},"fnMap":{"0":{"name":"(anonymous_0)","decl":{"start":{"line":2,"column":4},"end":{"line":2,"column":5}},"loc":{"start":{"line":2,"column":32},"end":{"line":4,"column":5}},"line":2},"1":{"name":"(anonymous_1)","decl":{"start":{"line":6,"column":4},"end":{"line":6,"column":5}},"loc":{"start":{"line":6,"column":44},"end":{"line":8,"column":5}},"line":6},"2":{"name":"(anonymous_2)","decl":{"start":{"line":10,"column":4},"end":{"line":10,"column":5}},"loc":{"start":{"line":10,"column":42},"end":{"line":12,"column":5}},"line":10},"3":{"name":"(anonymous_3)","decl":{"start":{"line":14,"column":4},"end":{"line":14,"column":5}},"loc":{"start":{"line":14,"column":36},"end":{"line":16,"column":5}},"line":14}},"branchMap":{},"s":{"0":1,"1":1,"2":1,"3":1,"4":5},"f":{"0":1,"1":1,"2":1,"3":1},"b":{},"_coverageSchema":"1a1c01bbd47fc00a2c39e90264f33305004495a9","hash":"9004b926966ae27b8cb626a37ee7f580096e92c3"}
,"C:\\Users\\vian\\Documents\\Project-Ngoding\\belajar-basic-javascript\\Expert Javascript\\auth-api\\src\\Domains\\users\\entities\\LoginUser.js": {"path":"C:\\Users\\vian\\Documents\\Project-Ngoding\\belajar-basic-javascript\\Expert Javascript\\auth-api\\src\\Domains\\users\\entities\\LoginUser.js","statementMap":{"0":{"start":{"line":3,"column":8},"end":{"line":3,"column":37}},"1":{"start":{"line":5,"column":39},"end":{"line":5,"column":46}},"2":{"start":{"line":7,"column":8},"end":{"line":7,"column":33}},"3":{"start":{"line":8,"column":8},"end":{"line":8,"column":33}},"4":{"start":{"line":12,"column":8},"end":{"line":14,"column":9}},"5":{"start":{"line":13,"column":12},"end":{"line":13,"column":70}},"6":{"start":{"line":16,"column":8},"end":{"line":18,"column":9}},"7":{"start":{"line":17,"column":12},"end":{"line":17,"column":75}},"8":{"start":{"line":22,"column":0},"end":{"line":22,"column":27}}},"fnMap":{"0":{"name":"(anonymous_0)","decl":{"start":{"line":2,"column":4},"end":{"line":2,"column":5}},"loc":{"start":{"line":2,"column":25},"end":{"line":9,"column":5}},"line":2},"1":{"name":"(anonymous_1)","decl":{"start":{"line":11,"column":4},"end":{"line":11,"column":5}},"loc":{"start":{"line":11,"column":43},"end":{"line":19,"column":5}},"line":11}},"branchMap":{"0":{"loc":{"start":{"line":12,"column":8},"end":{"line":14,"column":9}},"type":"if","locations":[{"start":{"line":12,"column":8},"end":{"line":14,"column":9}},{"start":{},"end":{}}],"line":12},"1":{"loc":{"start":{"line":12,"column":12},"end":{"line":12,"column":34}},"type":"binary-expr","locations":[{"start":{"line":12,"column":12},"end":{"line":12,"column":21}},{"start":{"line":12,"column":25},"end":{"line":12,"column":34}}],"line":12},"2":{"loc":{"start":{"line":16,"column":8},"end":{"line":18,"column":9}},"type":"if","locations":[{"start":{"line":16,"column":8},"end":{"line":18,"column":9}},{"start":{},"end":{}}],"line":16},"3":{"loc":{"start":{"line":16,"column":12},"end":{"line":16,"column":72}},"type":"binary-expr","locations":[{"start":{"line":16,"column":12},"end":{"line":16,"column":40}},{"start":{"line":16,"column":44},"end":{"line":16,"column":72}}],"line":16}},"s":{"0":8,"1":6,"2":6,"3":6,"4":8,"5":1,"6":7,"7":1,"8":3},"f":{"0":8,"1":8},"b":{"0":[1,7],"1":[8,8],"2":[1,6],"3":[7,6]},"_coverageSchema":"1a1c01bbd47fc00a2c39e90264f33305004495a9","hash":"9e9903b45066666b4a0489f781c1a45728274b03"}
,"C:\\Users\\vian\\Documents\\Project-Ngoding\\belajar-basic-javascript\\Expert Javascript\\auth-api\\src\\Domains\\users\\entities\\RegisterUser.js": {"path":"C:\\Users\\vian\\Documents\\Project-Ngoding\\belajar-basic-javascript\\Expert Javascript\\auth-api\\src\\Domains\\users\\entities\\RegisterUser.js","statementMap":{"0":{"start":{"line":3,"column":8},"end":{"line":3,"column":37}},"1":{"start":{"line":5,"column":49},"end":{"line":5,"column":56}},"2":{"start":{"line":7,"column":8},"end":{"line":7,"column":33}},"3":{"start":{"line":8,"column":8},"end":{"line":8,"column":33}},"4":{"start":{"line":9,"column":8},"end":{"line":9,"column":33}},"5":{"start":{"line":13,"column":8},"end":{"line":15,"column":9}},"6":{"start":{"line":14,"column":12},"end":{"line":14,"column":73}},"7":{"start":{"line":17,"column":8},"end":{"line":19,"column":9}},"8":{"start":{"line":18,"column":12},"end":{"line":18,"column":78}},"9":{"start":{"line":21,"column":8},"end":{"line":23,"column":9}},"10":{"start":{"line":22,"column":12},"end":{"line":22,"column":65}},"11":{"start":{"line":25,"column":8},"end":{"line":27,"column":9}},"12":{"start":{"line":26,"column":12},"end":{"line":26,"column":83}},"13":{"start":{"line":31,"column":0},"end":{"line":31,"column":30}}},"fnMap":{"0":{"name":"(anonymous_0)","decl":{"start":{"line":2,"column":4},"end":{"line":2,"column":5}},"loc":{"start":{"line":2,"column":25},"end":{"line":10,"column":5}},"line":2},"1":{"name":"(anonymous_1)","decl":{"start":{"line":12,"column":4},"end":{"line":12,"column":5}},"loc":{"start":{"line":12,"column":53},"end":{"line":28,"column":5}},"line":12}},"branchMap":{"0":{"loc":{"start":{"line":13,"column":8},"end":{"line":15,"column":9}},"type":"if","locations":[{"start":{"line":13,"column":8},"end":{"line":15,"column":9}},{"start":{},"end":{}}],"line":13},"1":{"loc":{"start":{"line":13,"column":12},"end":{"line":13,"column":47}},"type":"binary-expr","locations":[{"start":{"line":13,"column":12},"end":{"line":13,"column":21}},{"start":{"line":13,"column":25},"end":{"line":13,"column":34}},{"start":{"line":13,"column":38},"end":{"line":13,"column":47}}],"line":13},"2":{"loc":{"start":{"line":17,"column":8},"end":{"line":19,"column":9}},"type":"if","locations":[{"start":{"line":17,"column":8},"end":{"line":19,"column":9}},{"start":{},"end":{}}],"line":17},"3":{"loc":{"start":{"line":17,"column":12},"end":{"line":17,"column":104}},"type":"binary-expr","locations":[{"start":{"line":17,"column":12},"end":{"line":17,"column":40}},{"start":{"line":17,"column":44},"end":{"line":17,"column":72}},{"start":{"line":17,"column":76},"end":{"line":17,"column":104}}],"line":17},"4":{"loc":{"start":{"line":21,"column":8},"end":{"line":23,"column":9}},"type":"if","locations":[{"start":{"line":21,"column":8},"end":{"line":23,"column":9}},{"start":{},"end":{}}],"line":21},"5":{"loc":{"start":{"line":25,"column":8},"end":{"line":27,"column":9}},"type":"if","locations":[{"start":{"line":25,"column":8},"end":{"line":27,"column":9}},{"start":{},"end":{}}],"line":25}},"s":{"0":18,"1":10,"2":10,"3":10,"4":10,"5":18,"6":2,"7":16,"8":2,"9":14,"10":2,"11":12,"12":2,"13":4},"f":{"0":18,"1":18},"b":{"0":[2,16],"1":[18,17,17],"2":[2,14],"3":[16,15,15],"4":[2,12],"5":[2,10]},"_coverageSchema":"1a1c01bbd47fc00a2c39e90264f33305004495a9","hash":"02b67ac1e0a015b008605d02cebdd1d55e7fa6ee"}
,"C:\\Users\\vian\\Documents\\Project-Ngoding\\belajar-basic-javascript\\Expert Javascript\\auth-api\\src\\Domains\\users\\entities\\RegisteredUser.js": {"path":"C:\\Users\\vian\\Documents\\Project-Ngoding\\belajar-basic-javascript\\Expert Javascript\\auth-api\\src\\Domains\\users\\entities\\RegisteredUser.js","statementMap":{"0":{"start":{"line":3,"column":8},"end":{"line":3,"column":37}},"1":{"start":{"line":5,"column":43},"end":{"line":5,"column":50}},"2":{"start":{"line":7,"column":8},"end":{"line":7,"column":21}},"3":{"start":{"line":8,"column":8},"end":{"line":8,"column":33}},"4":{"start":{"line":9,"column":8},"end":{"line":9,"column":33}},"5":{"start":{"line":13,"column":8},"end":{"line":15,"column":9}},"6":{"start":{"line":14,"column":12},"end":{"line":14,"column":75}},"7":{"start":{"line":17,"column":8},"end":{"line":19,"column":9}},"8":{"start":{"line":18,"column":12},"end":{"line":18,"column":80}},"9":{"start":{"line":23,"column":0},"end":{"line":23,"column":31}}},"fnMap":{"0":{"name":"(anonymous_0)","decl":{"start":{"line":2,"column":4},"end":{"line":2,"column":5}},"loc":{"start":{"line":2,"column":25},"end":{"line":10,"column":5}},"line":2},"1":{"name":"(anonymous_1)","decl":{"start":{"line":12,"column":4},"end":{"line":12,"column":5}},"loc":{"start":{"line":12,"column":47},"end":{"line":20,"column":5}},"line":12}},"branchMap":{"0":{"loc":{"start":{"line":13,"column":8},"end":{"line":15,"column":9}},"type":"if","locations":[{"start":{"line":13,"column":8},"end":{"line":15,"column":9}},{"start":{},"end":{}}],"line":13},"1":{"loc":{"start":{"line":13,"column":12},"end":{"line":13,"column":41}},"type":"binary-expr","locations":[{"start":{"line":13,"column":12},"end":{"line":13,"column":15}},{"start":{"line":13,"column":19},"end":{"line":13,"column":28}},{"start":{"line":13,"column":32},"end":{"line":13,"column":41}}],"line":13},"2":{"loc":{"start":{"line":17,"column":8},"end":{"line":19,"column":9}},"type":"if","locations":[{"start":{"line":17,"column":8},"end":{"line":19,"column":9}},{"start":{},"end":{}}],"line":17},"3":{"loc":{"start":{"line":17,"column":12},"end":{"line":17,"column":98}},"type":"binary-expr","locations":[{"start":{"line":17,"column":12},"end":{"line":17,"column":34}},{"start":{"line":17,"column":38},"end":{"line":17,"column":66}},{"start":{"line":17,"column":70},"end":{"line":17,"column":98}}],"line":17}},"s":{"0":12,"1":10,"2":10,"3":10,"4":10,"5":12,"6":1,"7":11,"8":1,"9":4},"f":{"0":12,"1":12},"b":{"0":[1,11],"1":[12,11,11],"2":[1,10],"3":[11,10,10]},"_coverageSchema":"1a1c01bbd47fc00a2c39e90264f33305004495a9","hash":"be93d3a73aead0c3cbe10844b14025d3d83d2d8c"}
,"C:\\Users\\vian\\Documents\\Project-Ngoding\\belajar-basic-javascript\\Expert Javascript\\auth-api\\src\\Infrastructures\\http\\createServer.js": {"path":"C:\\Users\\vian\\Documents\\Project-Ngoding\\belajar-basic-javascript\\Expert Javascript\\auth-api\\src\\Infrastructures\\http\\createServer.js","statementMap":{"0":{"start":{"line":1,"column":13},"end":{"line":1,"column":34}},"1":{"start":{"line":2,"column":14},"end":{"line":2,"column":56}},"2":{"start":{"line":3,"column":20},"end":{"line":3,"column":67}},"3":{"start":{"line":4,"column":30},"end":{"line":4,"column":87}},"4":{"start":{"line":5,"column":24},"end":{"line":5,"column":76}},"5":{"start":{"line":7,"column":21},"end":{"line":59,"column":1}},"6":{"start":{"line":8,"column":19},"end":{"line":11,"column":6}},"7":{"start":{"line":13,"column":4},"end":{"line":22,"column":7}},"8":{"start":{"line":24,"column":4},"end":{"line":56,"column":7}},"9":{"start":{"line":26,"column":29},"end":{"line":26,"column":36}},"10":{"start":{"line":27,"column":8},"end":{"line":52,"column":9}},"11":{"start":{"line":29,"column":36},"end":{"line":29,"column":77}},"12":{"start":{"line":31,"column":12},"end":{"line":38,"column":13}},"13":{"start":{"line":32,"column":36},"end":{"line":35,"column":18}},"14":{"start":{"line":36,"column":16},"end":{"line":36,"column":61}},"15":{"start":{"line":37,"column":16},"end":{"line":37,"column":35}},"16":{"start":{"line":41,"column":12},"end":{"line":43,"column":13}},"17":{"start":{"line":42,"column":16},"end":{"line":42,"column":34}},"18":{"start":{"line":46,"column":32},"end":{"line":49,"column":14}},"19":{"start":{"line":50,"column":12},"end":{"line":50,"column":34}},"20":{"start":{"line":51,"column":12},"end":{"line":51,"column":31}},"21":{"start":{"line":55,"column":8},"end":{"line":55,"column":26}},"22":{"start":{"line":58,"column":4},"end":{"line":58,"column":18}},"23":{"start":{"line":61,"column":0},"end":{"line":61,"column":29}}},"fnMap":{"0":{"name":"(anonymous_0)","decl":{"start":{"line":7,"column":21},"end":{"line":7,"column":22}},"loc":{"start":{"line":7,"column":42},"end":{"line":59,"column":1}},"line":7},"1":{"name":"(anonymous_1)","decl":{"start":{"line":24,"column":32},"end":{"line":24,"column":33}},"loc":{"start":{"line":24,"column":48},"end":{"line":56,"column":5}},"line":24}},"branchMap":{"0":{"loc":{"start":{"line":27,"column":8},"end":{"line":52,"column":9}},"type":"if","locations":[{"start":{"line":27,"column":8},"end":{"line":52,"column":9}},{"start":{},"end":{}}],"line":27},"1":{"loc":{"start":{"line":31,"column":12},"end":{"line":38,"column":13}},"type":"if","locations":[{"start":{"line":31,"column":12},"end":{"line":38,"column":13}},{"start":{},"end":{}}],"line":31},"2":{"loc":{"start":{"line":41,"column":12},"end":{"line":43,"column":13}},"type":"if","locations":[{"start":{"line":41,"column":12},"end":{"line":43,"column":13}},{"start":{},"end":{}}],"line":41}},"s":{"0":1,"1":1,"2":1,"3":1,"4":1,"5":1,"6":11,"7":11,"8":11,"9":16,"10":16,"11":7,"12":7,"13":5,"14":5,"15":5,"16":2,"17":1,"18":1,"19":1,"20":1,"21":9,"22":11,"23":1},"f":{"0":11,"1":16},"b":{"0":[7,9],"1":[5,2],"2":[1,1]},"_coverageSchema":"1a1c01bbd47fc00a2c39e90264f33305004495a9","hash":"b046116304ef40977ef62cebf4ca180a86c4bf64"}
,"C:\\Users\\vian\\Documents\\Project-Ngoding\\belajar-basic-javascript\\Expert Javascript\\auth-api\\src\\Infrastructures\\repository\\AuthenticationRepositoryPostgres.js": {"path":"C:\\Users\\vian\\Documents\\Project-Ngoding\\belajar-basic-javascript\\Expert Javascript\\auth-api\\src\\Infrastructures\\repository\\AuthenticationRepositoryPostgres.js","statementMap":{"0":{"start":{"line":1,"column":23},"end":{"line":1,"column":73}},"1":{"start":{"line":2,"column":33},"end":{"line":2,"column":99}},"2":{"start":{"line":6,"column":8},"end":{"line":6,"column":16}},"3":{"start":{"line":7,"column":8},"end":{"line":7,"column":26}},"4":{"start":{"line":11,"column":22},"end":{"line":14,"column":9}},"5":{"start":{"line":15,"column":8},"end":{"line":15,"column":38}},"6":{"start":{"line":19,"column":22},"end":{"line":22,"column":9}},"7":{"start":{"line":23,"column":23},"end":{"line":23,"column":52}},"8":{"start":{"line":24,"column":8},"end":{"line":26,"column":9}},"9":{"start":{"line":25,"column":12},"end":{"line":25,"column":82}},"10":{"start":{"line":30,"column":22},"end":{"line":33,"column":9}},"11":{"start":{"line":34,"column":8},"end":{"line":34,"column":38}},"12":{"start":{"line":38,"column":0},"end":{"line":38,"column":50}}},"fnMap":{"0":{"name":"(anonymous_0)","decl":{"start":{"line":5,"column":4},"end":{"line":5,"column":5}},"loc":{"start":{"line":5,"column":22},"end":{"line":8,"column":5}},"line":5},"1":{"name":"(anonymous_1)","decl":{"start":{"line":10,"column":4},"end":{"line":10,"column":5}},"loc":{"start":{"line":10,"column":26},"end":{"line":16,"column":5}},"line":10},"2":{"name":"(anonymous_2)","decl":{"start":{"line":18,"column":4},"end":{"line":18,"column":5}},"loc":{"start":{"line":18,"column":40},"end":{"line":27,"column":5}},"line":18},"3":{"name":"(anonymous_3)","decl":{"start":{"line":29,"column":4},"end":{"line":29,"column":5}},"loc":{"start":{"line":29,"column":29},"end":{"line":35,"column":5}},"line":29}},"branchMap":{"0":{"loc":{"start":{"line":24,"column":8},"end":{"line":26,"column":9}},"type":"if","locations":[{"start":{"line":24,"column":8},"end":{"line":26,"column":9}},{"start":{},"end":{}}],"line":24}},"s":{"0":2,"1":2,"2":5,"3":5,"4":4,"5":4,"6":4,"7":4,"8":4,"9":1,"10":2,"11":2,"12":2},"f":{"0":5,"1":4,"2":4,"3":2},"b":{"0":[1,3]},"_coverageSchema":"1a1c01bbd47fc00a2c39e90264f33305004495a9","hash":"2dfa4a95e3c877e059a634c94a132858b43e4331"}
,"C:\\Users\\vian\\Documents\\Project-Ngoding\\belajar-basic-javascript\\Expert Javascript\\auth-api\\src\\Infrastructures\\repository\\UserRepositoryPostgres.js": {"path":"C:\\Users\\vian\\Documents\\Project-Ngoding\\belajar-basic-javascript\\Expert Javascript\\auth-api\\src\\Infrastructures\\repository\\UserRepositoryPostgres.js","statementMap":{"0":{"start":{"line":1,"column":23},"end":{"line":1,"column":73}},"1":{"start":{"line":2,"column":23},"end":{"line":2,"column":77}},"2":{"start":{"line":3,"column":23},"end":{"line":3,"column":68}},"3":{"start":{"line":7,"column":8},"end":{"line":7,"column":16}},"4":{"start":{"line":8,"column":8},"end":{"line":8,"column":26}},"5":{"start":{"line":9,"column":8},"end":{"line":9,"column":40}},"6":{"start":{"line":13,"column":22},"end":{"line":16,"column":9}},"7":{"start":{"line":18,"column":23},"end":{"line":18,"column":52}},"8":{"start":{"line":20,"column":8},"end":{"line":22,"column":9}},"9":{"start":{"line":21,"column":12},"end":{"line":21,"column":64}},"10":{"start":{"line":26,"column":49},"end":{"line":26,"column":61}},"11":{"start":{"line":27,"column":19},"end":{"line":27,"column":48}},"12":{"start":{"line":29,"column":22},"end":{"line":32,"column":9}},"13":{"start":{"line":34,"column":23},"end":{"line":34,"column":52}},"14":{"start":{"line":36,"column":8},"end":{"line":36,"column":57}},"15":{"start":{"line":40,"column":22},"end":{"line":43,"column":9}},"16":{"start":{"line":45,"column":23},"end":{"line":45,"column":52}},"17":{"start":{"line":47,"column":8},"end":{"line":49,"column":9}},"18":{"start":{"line":48,"column":12},"end":{"line":48,"column":75}},"19":{"start":{"line":51,"column":8},"end":{"line":51,"column":39}},"20":{"start":{"line":55,"column":22},"end":{"line":58,"column":9}},"21":{"start":{"line":60,"column":23},"end":{"line":60,"column":52}},"22":{"start":{"line":62,"column":8},"end":{"line":64,"column":9}},"23":{"start":{"line":63,"column":12},"end":{"line":63,"column":61}},"24":{"start":{"line":66,"column":8},"end":{"line":66,"column":33}},"25":{"start":{"line":70,"column":0},"end":{"line":70,"column":40}}},"fnMap":{"0":{"name":"(anonymous_0)","decl":{"start":{"line":6,"column":4},"end":{"line":6,"column":5}},"loc":{"start":{"line":6,"column":35},"end":{"line":10,"column":5}},"line":6},"1":{"name":"(anonymous_1)","decl":{"start":{"line":12,"column":4},"end":{"line":12,"column":5}},"loc":{"start":{"line":12,"column":44},"end":{"line":23,"column":5}},"line":12},"2":{"name":"(anonymous_2)","decl":{"start":{"line":25,"column":4},"end":{"line":25,"column":5}},"loc":{"start":{"line":25,"column":32},"end":{"line":37,"column":5}},"line":25},"3":{"name":"(anonymous_3)","decl":{"start":{"line":39,"column":4},"end":{"line":39,"column":5}},"loc":{"start":{"line":39,"column":42},"end":{"line":52,"column":5}},"line":39},"4":{"name":"(anonymous_4)","decl":{"start":{"line":54,"column":4},"end":{"line":54,"column":5}},"loc":{"start":{"line":54,"column":36},"end":{"line":67,"column":5}},"line":54}},"branchMap":{"0":{"loc":{"start":{"line":20,"column":8},"end":{"line":22,"column":9}},"type":"if","locations":[{"start":{"line":20,"column":8},"end":{"line":22,"column":9}},{"start":{},"end":{}}],"line":20},"1":{"loc":{"start":{"line":47,"column":8},"end":{"line":49,"column":9}},"type":"if","locations":[{"start":{"line":47,"column":8},"end":{"line":49,"column":9}},{"start":{},"end":{}}],"line":47},"2":{"loc":{"start":{"line":62,"column":8},"end":{"line":64,"column":9}},"type":"if","locations":[{"start":{"line":62,"column":8},"end":{"line":64,"column":9}},{"start":{},"end":{}}],"line":62}},"s":{"0":2,"1":2,"2":2,"3":9,"4":9,"5":9,"6":7,"7":7,"8":7,"9":2,"10":6,"11":6,"12":6,"13":6,"14":6,"15":5,"16":5,"17":5,"18":1,"19":4,"20":5,"21":5,"22":5,"23":1,"24":4,"25":2},"f":{"0":9,"1":7,"2":6,"3":5,"4":5},"b":{"0":[2,5],"1":[1,4],"2":[1,4]},"_coverageSchema":"1a1c01bbd47fc00a2c39e90264f33305004495a9","hash":"c034739de0cb036285cc2dabb2ebe1803d847f0b"}
,"C:\\Users\\vian\\Documents\\Project-Ngoding\\belajar-basic-javascript\\Expert Javascript\\auth-api\\src\\Infrastructures\\security\\BcryptPasswordHash.js": {"path":"C:\\Users\\vian\\Documents\\Project-Ngoding\\belajar-basic-javascript\\Expert Javascript\\auth-api\\src\\Infrastructures\\security\\BcryptPasswordHash.js","statementMap":{"0":{"start":{"line":1,"column":21},"end":{"line":1,"column":72}},"1":{"start":{"line":2,"column":28},"end":{"line":2,"column":83}},"2":{"start":{"line":6,"column":8},"end":{"line":6,"column":16}},"3":{"start":{"line":7,"column":8},"end":{"line":7,"column":30}},"4":{"start":{"line":8,"column":8},"end":{"line":8,"column":35}},"5":{"start":{"line":12,"column":8},"end":{"line":12,"column":60}},"6":{"start":{"line":16,"column":23},"end":{"line":16,"column":75}},"7":{"start":{"line":18,"column":8},"end":{"line":20,"column":9}},"8":{"start":{"line":19,"column":12},"end":{"line":19,"column":80}},"9":{"start":{"line":24,"column":0},"end":{"line":24,"column":35}}},"fnMap":{"0":{"name":"(anonymous_0)","decl":{"start":{"line":5,"column":4},"end":{"line":5,"column":5}},"loc":{"start":{"line":5,"column":40},"end":{"line":9,"column":5}},"line":5},"1":{"name":"(anonymous_1)","decl":{"start":{"line":11,"column":4},"end":{"line":11,"column":5}},"loc":{"start":{"line":11,"column":25},"end":{"line":13,"column":5}},"line":11},"2":{"name":"(anonymous_2)","decl":{"start":{"line":15,"column":4},"end":{"line":15,"column":5}},"loc":{"start":{"line":15,"column":44},"end":{"line":21,"column":5}},"line":15}},"branchMap":{"0":{"loc":{"start":{"line":5,"column":24},"end":{"line":5,"column":38}},"type":"default-arg","locations":[{"start":{"line":5,"column":36},"end":{"line":5,"column":38}}],"line":5},"1":{"loc":{"start":{"line":18,"column":8},"end":{"line":20,"column":9}},"type":"if","locations":[{"start":{"line":18,"column":8},"end":{"line":20,"column":9}},{"start":{},"end":{}}],"line":18}},"s":{"0":2,"1":2,"2":4,"3":4,"4":4,"5":5,"6":5,"7":5,"8":1,"9":2},"f":{"0":4,"1":5,"2":5},"b":{"0":[4],"1":[1,4]},"_coverageSchema":"1a1c01bbd47fc00a2c39e90264f33305004495a9","hash":"ac0ab69a44a5cc98e7f6256d301d7e2fbbb74a9a"}
,"C:\\Users\\vian\\Documents\\Project-Ngoding\\belajar-basic-javascript\\Expert Javascript\\auth-api\\src\\Infrastructures\\security\\JwtTokenManager.js": {"path":"C:\\Users\\vian\\Documents\\Project-Ngoding\\belajar-basic-javascript\\Expert Javascript\\auth-api\\src\\Infrastructures\\security\\JwtTokenManager.js","statementMap":{"0":{"start":{"line":1,"column":12},"end":{"line":1,"column":32}},"1":{"start":{"line":2,"column":35},"end":{"line":2,"column":100}},"2":{"start":{"line":3,"column":23},"end":{"line":3,"column":73}},"3":{"start":{"line":7,"column":8},"end":{"line":7,"column":16}},"4":{"start":{"line":8,"column":8},"end":{"line":8,"column":23}},"5":{"start":{"line":12,"column":8},"end":{"line":12,"column":73}},"6":{"start":{"line":16,"column":8},"end":{"line":16,"column":74}},"7":{"start":{"line":20,"column":8},"end":{"line":25,"column":9}},"8":{"start":{"line":21,"column":30},"end":{"line":21,"column":53}},"9":{"start":{"line":22,"column":12},"end":{"line":22,"column":71}},"10":{"start":{"line":24,"column":12},"end":{"line":24,"column":66}},"11":{"start":{"line":29,"column":26},"end":{"line":29,"column":49}},"12":{"start":{"line":30,"column":8},"end":{"line":30,"column":41}},"13":{"start":{"line":34,"column":0},"end":{"line":34,"column":33}}},"fnMap":{"0":{"name":"(anonymous_0)","decl":{"start":{"line":6,"column":4},"end":{"line":6,"column":5}},"loc":{"start":{"line":6,"column":21},"end":{"line":9,"column":5}},"line":6},"1":{"name":"(anonymous_1)","decl":{"start":{"line":11,"column":4},"end":{"line":11,"column":5}},"loc":{"start":{"line":11,"column":37},"end":{"line":13,"column":5}},"line":11},"2":{"name":"(anonymous_2)","decl":{"start":{"line":15,"column":4},"end":{"line":15,"column":5}},"loc":{"start":{"line":15,"column":38},"end":{"line":17,"column":5}},"line":15},"3":{"name":"(anonymous_3)","decl":{"start":{"line":19,"column":4},"end":{"line":19,"column":5}},"loc":{"start":{"line":19,"column":36},"end":{"line":26,"column":5}},"line":19},"4":{"name":"(anonymous_4)","decl":{"start":{"line":28,"column":4},"end":{"line":28,"column":5}},"loc":{"start":{"line":28,"column":31},"end":{"line":31,"column":5}},"line":28}},"branchMap":{},"s":{"0":2,"1":2,"2":2,"3":6,"4":6,"5":6,"6":6,"7":3,"8":3,"9":3,"10":1,"11":2,"12":2,"13":2},"f":{"0":6,"1":6,"2":6,"3":3,"4":2},"b":{},"_coverageSchema":"1a1c01bbd47fc00a2c39e90264f33305004495a9","hash":"bea4acc1b6e3cf3d5eee1a586950d21453148687"}
,"C:\\Users\\vian\\Documents\\Project-Ngoding\\belajar-basic-javascript\\Expert Javascript\\auth-api\\src\\Interfaces\\http\\api\\authentications\\handler.js": {"path":"C:\\Users\\vian\\Documents\\Project-Ngoding\\belajar-basic-javascript\\Expert Javascript\\auth-api\\src\\Interfaces\\http\\api\\authentications\\handler.js","statementMap":{"0":{"start":{"line":1,"column":25},"end":{"line":1,"column":87}},"1":{"start":{"line":2,"column":26},"end":{"line":2,"column":89}},"2":{"start":{"line":3,"column":37},"end":{"line":3,"column":111}},"3":{"start":{"line":7,"column":8},"end":{"line":7,"column":36}},"4":{"start":{"line":9,"column":8},"end":{"line":9,"column":83}},"5":{"start":{"line":10,"column":8},"end":{"line":10,"column":81}},"6":{"start":{"line":11,"column":8},"end":{"line":11,"column":87}},"7":{"start":{"line":15,"column":33},"end":{"line":15,"column":83}},"8":{"start":{"line":17,"column":46},"end":{"line":17,"column":93}},"9":{"start":{"line":19,"column":25},"end":{"line":25,"column":10}},"10":{"start":{"line":26,"column":8},"end":{"line":26,"column":27}},"11":{"start":{"line":27,"column":8},"end":{"line":27,"column":24}},"12":{"start":{"line":31,"column":45},"end":{"line":31,"column":107}},"13":{"start":{"line":33,"column":28},"end":{"line":33,"column":87}},"14":{"start":{"line":35,"column":8},"end":{"line":40,"column":10}},"15":{"start":{"line":44,"column":34},"end":{"line":44,"column":85}},"16":{"start":{"line":46,"column":8},"end":{"line":46,"column":57}},"17":{"start":{"line":48,"column":8},"end":{"line":50,"column":10}},"18":{"start":{"line":54,"column":0},"end":{"line":54,"column":40}}},"fnMap":{"0":{"name":"(anonymous_0)","decl":{"start":{"line":6,"column":4},"end":{"line":6,"column":5}},"loc":{"start":{"line":6,"column":27},"end":{"line":12,"column":5}},"line":6},"1":{"name":"(anonymous_1)","decl":{"start":{"line":14,"column":4},"end":{"line":14,"column":5}},"loc":{"start":{"line":14,"column":48},"end":{"line":28,"column":5}},"line":14},"2":{"name":"(anonymous_2)","decl":{"start":{"line":30,"column":4},"end":{"line":30,"column":5}},"loc":{"start":{"line":30,"column":47},"end":{"line":41,"column":5}},"line":30},"3":{"name":"(anonymous_3)","decl":{"start":{"line":43,"column":4},"end":{"line":43,"column":5}},"loc":{"start":{"line":43,"column":50},"end":{"line":51,"column":5}},"line":43}},"branchMap":{},"s":{"0":1,"1":1,"2":1,"3":11,"4":11,"5":11,"6":11,"7":3,"8":3,"9":3,"10":3,"11":3,"12":1,"13":1,"14":1,"15":1,"16":1,"17":1,"18":1},"f":{"0":11,"1":3,"2":1,"3":1},"b":{},"_coverageSchema":"1a1c01bbd47fc00a2c39e90264f33305004495a9","hash":"ccd9d1b0408e80d060932e84a043ce1c134a59e2"}
,"C:\\Users\\vian\\Documents\\Project-Ngoding\\belajar-basic-javascript\\Expert Javascript\\auth-api\\src\\Interfaces\\http\\api\\authentications\\index.js": {"path":"C:\\Users\\vian\\Documents\\Project-Ngoding\\belajar-basic-javascript\\Expert Javascript\\auth-api\\src\\Interfaces\\http\\api\\authentications\\index.js","statementMap":{"0":{"start":{"line":1,"column":31},"end":{"line":1,"column":51}},"1":{"start":{"line":2,"column":15},"end":{"line":2,"column":34}},"2":{"start":{"line":4,"column":0},"end":{"line":10,"column":2}},"3":{"start":{"line":7,"column":39},"end":{"line":7,"column":76}},"4":{"start":{"line":8,"column":8},"end":{"line":8,"column":53}}},"fnMap":{"0":{"name":"(anonymous_0)","decl":{"start":{"line":6,"column":14},"end":{"line":6,"column":15}},"loc":{"start":{"line":6,"column":47},"end":{"line":9,"column":5}},"line":6}},"branchMap":{},"s":{"0":1,"1":1,"2":1,"3":11,"4":11},"f":{"0":11},"b":{},"_coverageSchema":"1a1c01bbd47fc00a2c39e90264f33305004495a9","hash":"c9ecd1d9a4c13164749f8fc9f91d219e504f6411"}
,"C:\\Users\\vian\\Documents\\Project-Ngoding\\belajar-basic-javascript\\Expert Javascript\\auth-api\\src\\Interfaces\\http\\api\\authentications\\routes.js": {"path":"C:\\Users\\vian\\Documents\\Project-Ngoding\\belajar-basic-javascript\\Expert Javascript\\auth-api\\src\\Interfaces\\http\\api\\authentications\\routes.js","statementMap":{"0":{"start":{"line":1,"column":15},"end":{"line":17,"column":2}},"1":{"start":{"line":1,"column":29},"end":{"line":17,"column":1}},"2":{"start":{"line":19,"column":0},"end":{"line":19,"column":24}}},"fnMap":{"0":{"name":"(anonymous_0)","decl":{"start":{"line":1,"column":15},"end":{"line":1,"column":16}},"loc":{"start":{"line":1,"column":29},"end":{"line":17,"column":1}},"line":1}},"branchMap":{},"s":{"0":1,"1":11,"2":1},"f":{"0":11},"b":{},"_coverageSchema":"1a1c01bbd47fc00a2c39e90264f33305004495a9","hash":"f8f431937cd1316f38255bc9b3559ecc209f6d37"}
,"C:\\Users\\vian\\Documents\\Project-Ngoding\\belajar-basic-javascript\\Expert Javascript\\auth-api\\src\\Interfaces\\http\\api\\users\\handler.js": {"path":"C:\\Users\\vian\\Documents\\Project-Ngoding\\belajar-basic-javascript\\Expert Javascript\\auth-api\\src\\Interfaces\\http\\api\\users\\handler.js","statementMap":{"0":{"start":{"line":1,"column":23},"end":{"line":1,"column":83}},"1":{"start":{"line":5,"column":8},"end":{"line":5,"column":36}},"2":{"start":{"line":7,"column":8},"end":{"line":7,"column":62}},"3":{"start":{"line":11,"column":31},"end":{"line":11,"column":79}},"4":{"start":{"line":12,"column":26},"end":{"line":12,"column":71}},"5":{"start":{"line":14,"column":25},"end":{"line":19,"column":10}},"6":{"start":{"line":20,"column":8},"end":{"line":20,"column":27}},"7":{"start":{"line":21,"column":8},"end":{"line":21,"column":24}},"8":{"start":{"line":25,"column":0},"end":{"line":25,"column":30}}},"fnMap":{"0":{"name":"(anonymous_0)","decl":{"start":{"line":4,"column":4},"end":{"line":4,"column":5}},"loc":{"start":{"line":4,"column":27},"end":{"line":8,"column":5}},"line":4},"1":{"name":"(anonymous_1)","decl":{"start":{"line":10,"column":4},"end":{"line":10,"column":5}},"loc":{"start":{"line":10,"column":38},"end":{"line":22,"column":5}},"line":10}},"branchMap":{},"s":{"0":1,"1":11,"2":11,"3":10,"4":9,"5":4,"6":4,"7":4,"8":1},"f":{"0":11,"1":10},"b":{},"_coverageSchema":"1a1c01bbd47fc00a2c39e90264f33305004495a9","hash":"0b4e7fd3b12fcc5d794ccbb03db8342d86d53ae5"}
,"C:\\Users\\vian\\Documents\\Project-Ngoding\\belajar-basic-javascript\\Expert Javascript\\auth-api\\src\\Interfaces\\http\\api\\users\\index.js": {"path":"C:\\Users\\vian\\Documents\\Project-Ngoding\\belajar-basic-javascript\\Expert Javascript\\auth-api\\src\\Interfaces\\http\\api\\users\\index.js","statementMap":{"0":{"start":{"line":1,"column":21},"end":{"line":1,"column":41}},"1":{"start":{"line":2,"column":15},"end":{"line":2,"column":34}},"2":{"start":{"line":4,"column":0},"end":{"line":10,"column":1}},"3":{"start":{"line":7,"column":29},"end":{"line":7,"column":56}},"4":{"start":{"line":8,"column":8},"end":{"line":8,"column":42}}},"fnMap":{"0":{"name":"(anonymous_0)","decl":{"start":{"line":6,"column":14},"end":{"line":6,"column":15}},"loc":{"start":{"line":6,"column":47},"end":{"line":9,"column":5}},"line":6}},"branchMap":{},"s":{"0":1,"1":1,"2":1,"3":11,"4":11},"f":{"0":11},"b":{},"_coverageSchema":"1a1c01bbd47fc00a2c39e90264f33305004495a9","hash":"55c474f81f9fdb17fa4e22fca615d05d37c6768b"}
,"C:\\Users\\vian\\Documents\\Project-Ngoding\\belajar-basic-javascript\\Expert Javascript\\auth-api\\src\\Interfaces\\http\\api\\users\\routes.js": {"path":"C:\\Users\\vian\\Documents\\Project-Ngoding\\belajar-basic-javascript\\Expert Javascript\\auth-api\\src\\Interfaces\\http\\api\\users\\routes.js","statementMap":{"0":{"start":{"line":1,"column":15},"end":{"line":7,"column":2}},"1":{"start":{"line":1,"column":29},"end":{"line":7,"column":1}},"2":{"start":{"line":9,"column":0},"end":{"line":9,"column":23}}},"fnMap":{"0":{"name":"(anonymous_0)","decl":{"start":{"line":1,"column":15},"end":{"line":1,"column":16}},"loc":{"start":{"line":1,"column":29},"end":{"line":7,"column":1}},"line":1}},"branchMap":{},"s":{"0":1,"1":11,"2":1},"f":{"0":11},"b":{},"_coverageSchema":"1a1c01bbd47fc00a2c39e90264f33305004495a9","hash":"4cfd171c7bcd8bd8fe643db483e74542f4b90e64"}
}
